<?xml version="1.0" encoding="UTF-8"?><testrun name="GradesDBTest" project="GradesCalculator" tests="13" started="13" failures="1" errors="1" ignored="0">
  <testsuite name="edu.gatech.seclass.gradescalc.GradesDBTest" time="1.448">
    <testcase name="testGetNumAssignments" classname="edu.gatech.seclass.gradescalc.GradesDBTest" time="0.655"/>
    <testcase name="testGetAverageProjectsGrade" classname="edu.gatech.seclass.gradescalc.GradesDBTest" time="0.061">
      <failure>java.lang.AssertionError: expected:&lt;86.0&gt; but was:&lt;0.0&gt;&#13;
	at org.junit.Assert.fail(Assert.java:88)&#13;
	at org.junit.Assert.failNotEquals(Assert.java:743)&#13;
	at org.junit.Assert.assertEquals(Assert.java:494)&#13;
	at org.junit.Assert.assertEquals(Assert.java:592)&#13;
	at edu.gatech.seclass.gradescalc.GradesDBTest.testGetAverageProjectsGrade(GradesDBTest.java:143)&#13;
	at sun.reflect.NativeMethodAccessorImpl.invoke0(Native Method)&#13;
	at sun.reflect.NativeMethodAccessorImpl.invoke(Unknown Source)&#13;
	at sun.reflect.DelegatingMethodAccessorImpl.invoke(Unknown Source)&#13;
	at java.lang.reflect.Method.invoke(Unknown Source)&#13;
	at org.junit.runners.model.FrameworkMethod$1.runReflectiveCall(FrameworkMethod.java:47)&#13;
	at org.junit.internal.runners.model.ReflectiveCallable.run(ReflectiveCallable.java:12)&#13;
	at org.junit.runners.model.FrameworkMethod.invokeExplosively(FrameworkMethod.java:44)&#13;
	at org.junit.internal.runners.statements.InvokeMethod.evaluate(InvokeMethod.java:17)&#13;
	at org.junit.internal.runners.statements.RunBefores.evaluate(RunBefores.java:26)&#13;
	at org.junit.internal.runners.statements.RunAfters.evaluate(RunAfters.java:27)&#13;
	at org.junit.runners.ParentRunner.runLeaf(ParentRunner.java:271)&#13;
	at org.junit.runners.BlockJUnit4ClassRunner.runChild(BlockJUnit4ClassRunner.java:70)&#13;
	at org.junit.runners.BlockJUnit4ClassRunner.runChild(BlockJUnit4ClassRunner.java:50)&#13;
	at org.junit.runners.ParentRunner$3.run(ParentRunner.java:238)&#13;
	at org.junit.runners.ParentRunner$1.schedule(ParentRunner.java:63)&#13;
	at org.junit.runners.ParentRunner.runChildren(ParentRunner.java:236)&#13;
	at org.junit.runners.ParentRunner.access$000(ParentRunner.java:53)&#13;
	at org.junit.runners.ParentRunner$2.evaluate(ParentRunner.java:229)&#13;
	at org.junit.runners.ParentRunner.run(ParentRunner.java:309)&#13;
	at org.eclipse.jdt.internal.junit4.runner.JUnit4TestReference.run(JUnit4TestReference.java:50)&#13;
	at org.eclipse.jdt.internal.junit.runner.TestExecution.run(TestExecution.java:38)&#13;
	at org.eclipse.jdt.internal.junit.runner.RemoteTestRunner.runTests(RemoteTestRunner.java:459)&#13;
	at org.eclipse.jdt.internal.junit.runner.RemoteTestRunner.runTests(RemoteTestRunner.java:675)&#13;
	at org.eclipse.jdt.internal.junit.runner.RemoteTestRunner.run(RemoteTestRunner.java:382)&#13;
	at org.eclipse.jdt.internal.junit.runner.RemoteTestRunner.main(RemoteTestRunner.java:192)&#13;
&#13;
</failure>
    </testcase>
    <testcase name="testAddIndividualContributions" classname="edu.gatech.seclass.gradescalc.GradesDBTest" time="0.045">
      <error>java.lang.NullPointerException&#13;
	at edu.gatech.seclass.gradescalc.GradesDB.addGradeForAssignment(GradesDB.java:116)&#13;
	at edu.gatech.seclass.gradescalc.GradesDB.addIndividualContributions(GradesDB.java:165)&#13;
	at edu.gatech.seclass.gradescalc.GradesDBTest.testAddIndividualContributions(GradesDBTest.java:154)&#13;
	at sun.reflect.NativeMethodAccessorImpl.invoke0(Native Method)&#13;
	at sun.reflect.NativeMethodAccessorImpl.invoke(Unknown Source)&#13;
	at sun.reflect.DelegatingMethodAccessorImpl.invoke(Unknown Source)&#13;
	at java.lang.reflect.Method.invoke(Unknown Source)&#13;
	at org.junit.runners.model.FrameworkMethod$1.runReflectiveCall(FrameworkMethod.java:47)&#13;
	at org.junit.internal.runners.model.ReflectiveCallable.run(ReflectiveCallable.java:12)&#13;
	at org.junit.runners.model.FrameworkMethod.invokeExplosively(FrameworkMethod.java:44)&#13;
	at org.junit.internal.runners.statements.InvokeMethod.evaluate(InvokeMethod.java:17)&#13;
	at org.junit.internal.runners.statements.RunBefores.evaluate(RunBefores.java:26)&#13;
	at org.junit.internal.runners.statements.RunAfters.evaluate(RunAfters.java:27)&#13;
	at org.junit.runners.ParentRunner.runLeaf(ParentRunner.java:271)&#13;
	at org.junit.runners.BlockJUnit4ClassRunner.runChild(BlockJUnit4ClassRunner.java:70)&#13;
	at org.junit.runners.BlockJUnit4ClassRunner.runChild(BlockJUnit4ClassRunner.java:50)&#13;
	at org.junit.runners.ParentRunner$3.run(ParentRunner.java:238)&#13;
	at org.junit.runners.ParentRunner$1.schedule(ParentRunner.java:63)&#13;
	at org.junit.runners.ParentRunner.runChildren(ParentRunner.java:236)&#13;
	at org.junit.runners.ParentRunner.access$000(ParentRunner.java:53)&#13;
	at org.junit.runners.ParentRunner$2.evaluate(ParentRunner.java:229)&#13;
	at org.junit.runners.ParentRunner.run(ParentRunner.java:309)&#13;
	at org.eclipse.jdt.internal.junit4.runner.JUnit4TestReference.run(JUnit4TestReference.java:50)&#13;
	at org.eclipse.jdt.internal.junit.runner.TestExecution.run(TestExecution.java:38)&#13;
	at org.eclipse.jdt.internal.junit.runner.RemoteTestRunner.runTests(RemoteTestRunner.java:459)&#13;
	at org.eclipse.jdt.internal.junit.runner.RemoteTestRunner.runTests(RemoteTestRunner.java:675)&#13;
	at org.eclipse.jdt.internal.junit.runner.RemoteTestRunner.run(RemoteTestRunner.java:382)&#13;
	at org.eclipse.jdt.internal.junit.runner.RemoteTestRunner.main(RemoteTestRunner.java:192)&#13;
&#13;
</error>
    </testcase>
    <testcase name="testAddAssignment" classname="edu.gatech.seclass.gradescalc.GradesDBTest" time="0.231"/>
    <testcase name="testGetNumStudents" classname="edu.gatech.seclass.gradescalc.GradesDBTest" time="0.042"/>
    <testcase name="testGetStudents1" classname="edu.gatech.seclass.gradescalc.GradesDBTest" time="0.036"/>
    <testcase name="testGetStudents2" classname="edu.gatech.seclass.gradescalc.GradesDBTest" time="0.027"/>
    <testcase name="testGetNumProjects" classname="edu.gatech.seclass.gradescalc.GradesDBTest" time="0.04"/>
    <testcase name="testAddGradesForAssignment" classname="edu.gatech.seclass.gradescalc.GradesDBTest" time="0.193"/>
    <testcase name="testGetStudentsByName1" classname="edu.gatech.seclass.gradescalc.GradesDBTest" time="0.033"/>
    <testcase name="testGetStudentsByName2" classname="edu.gatech.seclass.gradescalc.GradesDBTest" time="0.029"/>
    <testcase name="testGetAverageAssignmentsGrade" classname="edu.gatech.seclass.gradescalc.GradesDBTest" time="0.027"/>
    <testcase name="testGetStudentsByID" classname="edu.gatech.seclass.gradescalc.GradesDBTest" time="0.029"/>
  </testsuite>
</testrun>
