<?xml version="1.0" encoding="UTF-8"?><testrun name="6300Fall14Assignment3" project="6300Fall14Assignment3" tests="15" started="15" failures="0" errors="1" ignored="0">
  <testsuite name="edu.gatech.seclass.assignment3.MyStringTest" time="0.042">
    <testcase name="testRemoveChar1" classname="edu.gatech.seclass.assignment3.MyStringTest" time="0.0"/>
    <testcase name="testRemoveChar2" classname="edu.gatech.seclass.assignment3.MyStringTest" time="0.0"/>
    <testcase name="testRemoveChar3" classname="edu.gatech.seclass.assignment3.MyStringTest" time="0.0"/>
    <testcase name="testIndexOf1" classname="edu.gatech.seclass.assignment3.MyStringTest" time="0.0"/>
    <testcase name="testIndexOf2" classname="edu.gatech.seclass.assignment3.MyStringTest" time="0.0"/>
    <testcase name="testIndexOf3" classname="edu.gatech.seclass.assignment3.MyStringTest" time="0.0"/>
    <testcase name="testGetSubstring1" classname="edu.gatech.seclass.assignment3.MyStringTest" time="0.0"/>
    <testcase name="testGetSubstring2" classname="edu.gatech.seclass.assignment3.MyStringTest" time="0.0"/>
    <testcase name="testGetSubstring3" classname="edu.gatech.seclass.assignment3.MyStringTest" time="0.037">
      <error>java.lang.Exception: Unexpected exception, expected&lt;java.lang.StringIndexOutOfBoundsException&gt; but was&lt;org.junit.ComparisonFailure&gt;
	at org.junit.internal.runners.statements.ExpectException.evaluate(ExpectException.java:28)
	at org.junit.runners.ParentRunner.runLeaf(ParentRunner.java:271)
	at org.junit.runners.BlockJUnit4ClassRunner.runChild(BlockJUnit4ClassRunner.java:70)
	at org.junit.runners.BlockJUnit4ClassRunner.runChild(BlockJUnit4ClassRunner.java:50)
	at org.junit.runners.ParentRunner$3.run(ParentRunner.java:238)
	at org.junit.runners.ParentRunner$1.schedule(ParentRunner.java:63)
	at org.junit.runners.ParentRunner.runChildren(ParentRunner.java:236)
	at org.junit.runners.ParentRunner.access$000(ParentRunner.java:53)
	at org.junit.runners.ParentRunner$2.evaluate(ParentRunner.java:229)
	at org.junit.runners.ParentRunner.run(ParentRunner.java:309)
	at org.eclipse.jdt.internal.junit4.runner.JUnit4TestReference.run(JUnit4TestReference.java:50)
	at org.eclipse.jdt.internal.junit.runner.TestExecution.run(TestExecution.java:38)
	at org.eclipse.jdt.internal.junit.runner.RemoteTestRunner.runTests(RemoteTestRunner.java:467)
	at org.eclipse.jdt.internal.junit.runner.RemoteTestRunner.runTests(RemoteTestRunner.java:683)
	at org.eclipse.jdt.internal.junit.runner.RemoteTestRunner.run(RemoteTestRunner.java:390)
	at org.eclipse.jdt.internal.junit.runner.RemoteTestRunner.main(RemoteTestRunner.java:197)
Caused by: org.junit.ComparisonFailure: this should invoke an exception expected:&lt;[hino]&gt; but was:&lt;[]&gt;
	at org.junit.Assert.assertEquals(Assert.java:115)
	at edu.gatech.seclass.assignment3.MyStringTest.testGetSubstring3(MyStringTest.java:38)
	at sun.reflect.NativeMethodAccessorImpl.invoke0(Native Method)
	at sun.reflect.NativeMethodAccessorImpl.invoke(NativeMethodAccessorImpl.java:57)
	at sun.reflect.DelegatingMethodAccessorImpl.invoke(DelegatingMethodAccessorImpl.java:43)
	at java.lang.reflect.Method.invoke(Method.java:606)
	at org.junit.runners.model.FrameworkMethod$1.runReflectiveCall(FrameworkMethod.java:47)
	at org.junit.internal.runners.model.ReflectiveCallable.run(ReflectiveCallable.java:12)
	at org.junit.runners.model.FrameworkMethod.invokeExplosively(FrameworkMethod.java:44)
	at org.junit.internal.runners.statements.InvokeMethod.evaluate(InvokeMethod.java:17)
	at org.junit.internal.runners.statements.ExpectException.evaluate(ExpectException.java:19)
	... 15 more

</error>
    </testcase>
    <testcase name="testGetVowels1" classname="edu.gatech.seclass.assignment3.MyStringTest" time="0.0"/>
    <testcase name="testGetVowels2" classname="edu.gatech.seclass.assignment3.MyStringTest" time="0.001"/>
    <testcase name="testSetString" classname="edu.gatech.seclass.assignment3.MyStringTest" time="0.0"/>
    <testcase name="testGetString" classname="edu.gatech.seclass.assignment3.MyStringTest" time="0.001"/>
    <testcase name="testInvert1" classname="edu.gatech.seclass.assignment3.MyStringTest" time="0.0"/>
    <testcase name="testInvert2" classname="edu.gatech.seclass.assignment3.MyStringTest" time="0.002"/>
  </testsuite>
</testrun>
